<?xml version="1.0" encoding="utf-8"?><testsuites name="pytest tests"><testsuite name="pytest" errors="0" failures="0" skipped="0" tests="20" time="4.043" timestamp="2026-09-11T04:35:18.949392+00:00" hostname="agent-env-4be28922-a4b2-4b34-910e-06e63d2f5f0c"><testcase classname="tests.backend_test.TestPublic" name="test_portfolio" time="1.174" /><testcase classname="tests.backend_test.TestAuth" name="test_me_unauth_401" time="0.183" /><testcase classname="tests.backend_test.TestAuth" name="test_admin_endpoint_requires_auth" time="0.140" /><testcase classname="tests.backend_test.TestAuth" name="test_login_success_sets_cookies" time="0.383" /><testcase classname="tests.backend_test.TestAuth" name="test_login_wrong_password_401" time="0.353" /><testcase classname="tests.backend_test.TestPublic" name="test_public_project_by_slug" time="0.240" /><testcase classname="tests.backend_test.TestAuth" name="test_me_with_cookie" time="0.411" /><testcase classname="tests.backend_test.TestPublic" name="test_public_project_404" time="0.115" /><testcase classname="tests.backend_test.TestAuth" name="test_refresh" time="0.061" /><testcase classname="tests.backend_test.TestAuth" name="test_change_password_wrong_current_400" time="0.283" /><testcase classname="tests.backend_test.TestAuth" name="test_logout_clears_cookies" time="0.608" /><testcase classname="tests.backend_test.TestUpload" name="test_upload_image_and_download" time="0.985" /><testcase classname="tests.backend_test.TestProfile" name="test_get_profile" time="0.075" /><testcase classname="tests.backend_test.TestProfile" name="test_save_and_revert" time="0.189" /><testcase classname="tests.backend_test.TestUpload" name="test_upload_image_rejects_non_image" time="0.068" /><testcase classname="tests.backend_test.TestUpload" name="test_upload_cv_rejects_non_pdf" time="0.068" /><testcase classname="tests.backend_test.TestExperiencesCRUD" name="test_create_update_delete" time="0.247" /><testcase classname="tests.backend_test.TestSkillsCRUD" name="test_full_crud" time="0.653" /><testcase classname="tests.backend_test.TestProjectsCRUD" name="test_auto_slug_and_crud" time="0.517" /><testcase classname="tests.backend_test.TestToolsCRUD" name="test_create_delete" time="0.152" /></testsuite></testsuites>