<?xml version="1.0" encoding="utf-8"?><testsuites name="pytest tests"><testsuite name="pytest" errors="0" failures="0" skipped="0" tests="24" time="7.557" timestamp="2026-09-11T05:02:48.095063+00:00" hostname="agent-env-4be28922-a4b2-4b34-910e-06e63d2f5f0c"><testcase classname="tests.backend_test.TestAuth" name="test_me_unauth_401" time="0.500" /><testcase classname="tests.backend_test.TestPublic" name="test_portfolio" time="0.485" /><testcase classname="tests.backend_test.TestPublic" name="test_public_project_by_slug" time="0.343" /><testcase classname="tests.backend_test.TestAuth" name="test_admin_endpoint_requires_auth" time="0.315" /><testcase classname="tests.backend_test.TestAuth" name="test_login_success_sets_cookies" time="0.511" /><testcase classname="tests.backend_test.TestPublic" name="test_public_project_404" time="0.245" /><testcase classname="tests.backend_test.TestAuth" name="test_login_wrong_password_401" time="0.605" /><testcase classname="tests.backend_test.TestUpload" name="test_upload_image_and_download" time="1.398" /><testcase classname="tests.backend_test.TestUpload" name="test_upload_image_rejects_non_image" time="0.161" /><testcase classname="tests.backend_test.TestAuth" name="test_me_with_cookie" time="0.690" /><testcase classname="tests.backend_test.TestAuth" name="test_refresh" time="0.118" /><testcase classname="tests.backend_test.TestUpload" name="test_upload_cv_rejects_non_pdf" time="0.160" /><testcase classname="tests.backend_test.TestAuth" name="test_change_password_wrong_current_400" time="0.339" /><testcase classname="tests.backend_test.TestProjectCaseStudyFields" name="test_create_update_with_case_study_fields" time="1.134" /><testcase classname="tests.backend_test.TestAuth" name="test_logout_clears_cookies" time="0.700" /><testcase classname="tests.backend_test.TestReorder" name="test_projects_reorder" time="0.627" /><testcase classname="tests.backend_test.TestProjectCaseStudyFields" name="test_toko_rasa_has_4_process_and_4_kpis" time="0.223" /><testcase classname="tests.backend_test.TestProfile" name="test_get_profile" time="0.147" /><testcase classname="tests.backend_test.TestProfile" name="test_save_and_revert" time="0.639" /><testcase classname="tests.backend_test.TestReorder" name="test_skills_reorder" time="0.737" /><testcase classname="tests.backend_test.TestToolsCRUD" name="test_create_delete" time="0.482" /><testcase classname="tests.backend_test.TestSkillsCRUD" name="test_full_crud" time="1.176" /><testcase classname="tests.backend_test.TestExperiencesCRUD" name="test_create_update_delete" time="0.743" /><testcase classname="tests.backend_test.TestProjectsCRUD" name="test_auto_slug_and_crud" time="0.745" /></testsuite></testsuites>